<?xml version="1.0" encoding="UTF-8"?>
<!-- Generated by org.testng.reporters.JUnitXMLReporter -->
<testsuite ignored="1" hostname="LAPTOP-9J7G2HQJ" failures="0" tests="1" name="Default test(failed)" time="56.582" errors="0" timestamp="2024-04-23T15:57:05 IST">
  <testcase classname="testNgClasses.VerifyAllElentsOnHomepageAreClickableOrNot" name="test2" time="39.393"/>
  <testcase classname="testNgClasses.VerifyAllElentsOnHomepageAreClickableOrNot" name="test1" time="0.0">
    <ignored/>
  </testcase> <!-- test1 -->
</testsuite> <!-- Default test(failed) -->
