<?xml version="1.0" encoding="UTF-8"?>
<!-- Generated by org.testng.reporters.JUnitXMLReporter -->
<testsuite ignored="0" hostname="LAPTOP-9J7G2HQJ" failures="0" tests="4" name="Test" time="44.727" errors="0" timestamp="2024-04-24T15:36:26 IST">
  <testcase classname="testNgClasses.verifyForgotPasswordFunctonality" name="verifyPasswordShouldBeChangedSucccessfully" time="0.158"/>
  <testcase classname="testNgClasses.verifyForgotPasswordFunctonality" name="verifyErrorMessageWhenForgotFunctionalityIsUsed" time="0.953"/>
  <testcase classname="testNgClasses.VerifyAllElentsOnHomepageAreClickableOrNot" name="test1" time="16.943"/>
  <testcase classname="testNgClasses.VerifyAllElentsOnHomepageAreClickableOrNot" name="test2" time="7.548"/>
</testsuite> <!-- Test -->
